<?xml version="1.0" encoding="UTF-8"?>
<!-- Generated by org.testng.reporters.JUnitReportReporter -->
<testsuite hostname="AIPLLAP312" failures="0" tests="1" name="com.mypractice.qa.testcase.RegisterTest" time="21.674" errors="0" timestamp="2024-10-14T12:01:42 IST" skipped="0">
  <testcase classname="com.mypractice.qa.testcase.RegisterTest" name="secondUserRegistration" time="21.674"/>
</testsuite> <!-- com.mypractice.qa.testcase.RegisterTest -->
