<?xml version="1.0" encoding="UTF-8"?>
<!-- Generated by org.testng.reporters.JUnitReportReporter -->
<testsuite hostname="AIPLLAP312" failures="0" tests="3" name="Experiment.TestMethod2" time="0.009" errors="0" timestamp="2024-10-14T14:38:48 IST" skipped="0">
  <testcase classname="Experiment.TestMethod2" name="test4" time="0.003"/>
  <testcase classname="Experiment.TestMethod2" name="test5" time="0.004"/>
  <testcase classname="Experiment.TestMethod2" name="test6" time="0.002"/>
</testsuite> <!-- Experiment.TestMethod2 -->
