<?xml version="1.0" encoding="UTF-8"?>
<!-- Generated by org.testng.reporters.JUnitReportReporter -->
<testsuite hostname="AIPLLAP312" failures="0" tests="2" name="com.mypractice.qa.testcase.RegisterTest" time="57.472" errors="0" timestamp="2024-10-12T11:57:40 IST" skipped="0">
  <testcase classname="com.mypractice.qa.testcase.RegisterTest" name="testUserOneRegistration" time="26.364"/>
  <testcase classname="com.mypractice.qa.testcase.RegisterTest" name="testUserTwoRegistration" time="31.108"/>
</testsuite> <!-- com.mypractice.qa.testcase.RegisterTest -->
