<?xml version="1.0" encoding="UTF-8"?>
<!-- Generated by org.testng.reporters.JUnitReportReporter -->
<testsuite hostname="AIPLLAP312" failures="0" tests="3" name="Experiment.Annotations" time="0.018" errors="0" timestamp="2024-10-14T14:38:48 IST" skipped="0">
  <testcase classname="Experiment.Annotations" name="test1" time="0.009"/>
  <testcase classname="Experiment.Annotations" name="test2" time="0.007"/>
  <testcase classname="Experiment.Annotations" name="test3" time="0.002"/>
</testsuite> <!-- Experiment.Annotations -->
