<?xml version="1.0" encoding="UTF-8"?>
<!-- Generated by org.testng.reporters.JUnitReportReporter -->
<testsuite hostname="AIPLLAP312" failures="0" tests="3" name="Experiment.TestMethod01" time="0.012" errors="0" timestamp="2024-10-14T14:38:48 IST" skipped="0">
  <testcase classname="Experiment.TestMethod01" name="test1" time="0.003"/>
  <testcase classname="Experiment.TestMethod01" name="test3" time="0.003"/>
  <testcase classname="Experiment.TestMethod01" name="test2" time="0.006"/>
</testsuite> <!-- Experiment.TestMethod01 -->
